<?xml version="1.0" encoding="UTF-8"?>
<testng-results ignored="0" total="3" passed="3" failed="0" skipped="0">
  <reporter-output>
  </reporter-output>
  <suite started-at="2021-10-09T21:47:11 NZDT" name="Surefire suite" finished-at="2021-10-09T21:47:32 NZDT" duration-ms="21652">
    <groups>
    </groups>
    <test started-at="2021-10-09T21:47:11 NZDT" name="Surefire test" finished-at="2021-10-09T21:47:32 NZDT" duration-ms="21652">
      <class name="com.qa.testcases.HomePageTest">
        <test-method is-config="true" signature="setUp()[pri:0, instance:com.qa.testcases.HomePageTest@158d2680]" started-at="2021-10-09T21:47:11 NZDT" name="setUp" finished-at="2021-10-09T21:47:16 NZDT" duration-ms="4729" status="PASS">
          <reporter-output>
          </reporter-output>
        </test-method> <!-- setUp -->
        <test-method signature="verifyHomePageTitleTest()[pri:0, instance:com.qa.testcases.HomePageTest@158d2680]" started-at="2021-10-09T21:47:16 NZDT" name="verifyHomePageTitleTest" finished-at="2021-10-09T21:47:24 NZDT" duration-ms="8060" status="PASS">
          <reporter-output>
          </reporter-output>
        </test-method> <!-- verifyHomePageTitleTest -->
        <test-method is-config="true" signature="tearDown()[pri:0, instance:com.qa.testcases.HomePageTest@158d2680]" started-at="2021-10-09T21:47:24 NZDT" name="tearDown" finished-at="2021-10-09T21:47:24 NZDT" duration-ms="706" status="PASS">
          <reporter-output>
          </reporter-output>
        </test-method> <!-- tearDown -->
      </class> <!-- com.qa.testcases.HomePageTest -->
      <class name="com.qa.testcases.LoginPageTest">
        <test-method is-config="true" signature="setUp()[pri:0, instance:com.qa.testcases.LoginPageTest@77847718]" started-at="2021-10-09T21:47:24 NZDT" name="setUp" finished-at="2021-10-09T21:47:27 NZDT" duration-ms="2840" status="PASS">
          <reporter-output>
          </reporter-output>
        </test-method> <!-- setUp -->
        <test-method signature="loginPageTitleTest()[pri:1, instance:com.qa.testcases.LoginPageTest@77847718]" started-at="2021-10-09T21:47:27 NZDT" name="loginPageTitleTest" finished-at="2021-10-09T21:47:27 NZDT" duration-ms="6" status="PASS">
          <reporter-output>
          </reporter-output>
        </test-method> <!-- loginPageTitleTest -->
        <test-method is-config="true" signature="tearDown()[pri:0, instance:com.qa.testcases.LoginPageTest@77847718]" started-at="2021-10-09T21:47:27 NZDT" name="tearDown" finished-at="2021-10-09T21:47:28 NZDT" duration-ms="671" status="PASS">
          <reporter-output>
          </reporter-output>
        </test-method> <!-- tearDown -->
        <test-method is-config="true" signature="setUp()[pri:0, instance:com.qa.testcases.LoginPageTest@77847718]" started-at="2021-10-09T21:47:28 NZDT" name="setUp" finished-at="2021-10-09T21:47:31 NZDT" duration-ms="3428" status="PASS">
          <reporter-output>
          </reporter-output>
        </test-method> <!-- setUp -->
        <test-method signature="loginTest()[pri:2, instance:com.qa.testcases.LoginPageTest@77847718]" started-at="2021-10-09T21:47:31 NZDT" name="loginTest" finished-at="2021-10-09T21:47:32 NZDT" duration-ms="476" status="PASS">
          <reporter-output>
          </reporter-output>
        </test-method> <!-- loginTest -->
        <test-method is-config="true" signature="tearDown()[pri:0, instance:com.qa.testcases.LoginPageTest@77847718]" started-at="2021-10-09T21:47:32 NZDT" name="tearDown" finished-at="2021-10-09T21:47:32 NZDT" duration-ms="672" status="PASS">
          <reporter-output>
          </reporter-output>
        </test-method> <!-- tearDown -->
      </class> <!-- com.qa.testcases.LoginPageTest -->
    </test> <!-- Surefire test -->
  </suite> <!-- Surefire suite -->
</testng-results>
