<?xml version="1.0" encoding="UTF-8"?>
<!-- Generated by org.testng.reporters.JUnitXMLReporter -->
<testsuite ignored="0" hostname="DESKTOP-8TB1GUU" failures="0" tests="3" name="Surefire test" time="21.652" errors="0" timestamp="2021-10-09T21:47:32 NZDT">
  <testcase classname="com.qa.testcases.HomePageTest" name="verifyHomePageTitleTest" time="8.06"/>
  <testcase classname="com.qa.testcases.LoginPageTest" name="loginPageTitleTest" time="0.006"/>
  <testcase classname="com.qa.testcases.LoginPageTest" name="loginTest" time="0.476"/>
</testsuite> <!-- Surefire test -->
